<?xml version="1.0" encoding="UTF-8"?>
<!-- Generated by org.testng.reporters.JUnitReportReporter -->
<testsuite hostname="madhu" failures="0" tests="2" name="restassureScripts.Assignment005Demo" time="7.142" errors="0" timestamp="2023-11-10T14:36:44 IST" skipped="0">
  <testcase classname="restassureScripts.Assignment005Demo" name="assignment005FindByStatus" time="4.374"/>
  <system-out/>
  <testcase classname="restassureScripts.Assignment005Demo" name="assignment006Logout" time="2.768"/>
  <system-out/>
</testsuite> <!-- restassureScripts.Assignment005Demo -->
