<?xml version="1.0" encoding="UTF-8"?>
<!-- Generated by org.testng.reporters.JUnitReportReporter -->
<testsuite hostname="madhu" failures="0" tests="2" name="restassureScripts.Script009Paypal" time="10.205" errors="0" timestamp="2023-11-09T19:02:24 IST" skipped="0">
  <testcase classname="restassureScripts.Script009Paypal" name="GetAccessToekn" time="7.481"/>
  <system-out/>
  <testcase classname="restassureScripts.Script009Paypal" name="paypalTestAPI" time="2.724"/>
  <system-out/>
</testsuite> <!-- restassureScripts.Script009Paypal -->
