<?xml version="1.0" encoding="UTF-8"?>
<!-- Generated by org.testng.reporters.JUnitReportReporter -->
<testsuite hostname="madhu" failures="0" tests="3" name="restassureScripts.Script007HamcrestValidateMethods" time="13.808" errors="0" timestamp="2023-11-09T17:50:42 IST" skipped="0">
  <testcase classname="restassureScripts.Script007HamcrestValidateMethods" name="ValidateRepsonseBody" time="6.403"/>
  <system-out/>
  <testcase classname="restassureScripts.Script007HamcrestValidateMethods" name="ValidateRepsonseBody_equlaTo" time="4.009"/>
  <system-out/>
  <testcase classname="restassureScripts.Script007HamcrestValidateMethods" name="ValidateRepsonseBody_hasitems" time="3.396"/>
  <system-out/>
</testsuite> <!-- restassureScripts.Script007HamcrestValidateMethods -->
