<?xml version="1.0" encoding="UTF-8"?>
<!-- Generated by org.testng.reporters.JUnitReportReporter -->
<testsuite hostname="madhu" failures="0" tests="2" name="restassureScripts.Assignment003Demo" time="7.898" errors="0" timestamp="2023-11-10T14:36:23 IST" skipped="0">
  <testcase classname="restassureScripts.Assignment003Demo" name="assignment003User" time="3.702"/>
  <system-out/>
  <testcase classname="restassureScripts.Assignment003Demo" name="assignment004login" time="4.196"/>
  <system-out/>
</testsuite> <!-- restassureScripts.Assignment003Demo -->
