<?xml version="1.0" encoding="UTF-8"?>
<!-- Generated by org.testng.reporters.JUnitReportReporter -->
<testsuite hostname="madhu" failures="0" tests="1" name="restassureScripts.Script001SetupCheck" time="3.998" errors="0" timestamp="2023-11-08T10:08:52 IST" skipped="0">
  <testcase classname="restassureScripts.Script001SetupCheck" name="setupCheck" time="3.998"/>
  <system-out/>
</testsuite> <!-- restassureScripts.Script001SetupCheck -->
