<?xml version="1.0" encoding="UTF-8"?>
<!-- Generated by org.testng.reporters.JUnitReportReporter -->
<testsuite hostname="madhu" failures="0" tests="2" name="restassureScripts.Assignment002Demo" time="7.626" errors="0" timestamp="2023-11-10T14:35:56 IST" skipped="0">
  <testcase classname="restassureScripts.Assignment002Demo" name="assignment002Post" time="4.953"/>
  <system-out/>
  <testcase classname="restassureScripts.Assignment002Demo" name="assignment002Put" time="2.673"/>
  <system-out/>
</testsuite> <!-- restassureScripts.Assignment002Demo -->
