<?xml version="1.0" encoding="UTF-8"?>
<!-- Generated by org.testng.reporters.JUnitReportReporter -->
<testsuite hostname="madhu" failures="0" tests="3" name="restassureScripts.Script006PostmanApikey" time="13.203" errors="0" timestamp="2023-11-09T17:23:00 IST" skipped="0">
  <testcase classname="restassureScripts.Script006PostmanApikey" name="postmangetreq" time="5.896"/>
  <system-out/>
  <testcase classname="restassureScripts.Script006PostmanApikey" name="extract_value_response" time="4.682"/>
  <system-out/>
  <testcase classname="restassureScripts.Script006PostmanApikey" name="extract_response_JSONPath" time="2.625"/>
  <system-out/>
</testsuite> <!-- restassureScripts.Script006PostmanApikey -->
