<?xml version="1.0" encoding="UTF-8"?>
<!-- Generated by org.testng.reporters.JUnitReportReporter -->
<testsuite hostname="madhu" failures="0" tests="1" name="restassureScripts.Log4jDemo" time="0.012" errors="0" timestamp="2023-11-10T11:07:27 IST" skipped="0">
  <testcase classname="restassureScripts.Log4jDemo" name="method1" time="0.012"/>
  <system-out/>
</testsuite> <!-- restassureScripts.Log4jDemo -->
