<?xml version="1.0" encoding="UTF-8"?>
<!-- Generated by org.testng.reporters.JUnitReportReporter -->
<testsuite hostname="madhu" failures="0" tests="2" name="restassureScripts.Script008GithubBearerToken" time="6.155" errors="0" timestamp="2023-11-09T11:20:02 IST" skipped="0">
  <testcase classname="restassureScripts.Script008GithubBearerToken" name="Authorization_bearertoken" time="5.440"/>
  <system-out/>
  <testcase classname="restassureScripts.Script008GithubBearerToken" name="Authorization_bearertoken_specificrepo" time="0.715"/>
  <system-out/>
</testsuite> <!-- restassureScripts.Script008GithubBearerToken -->
