<?xml version="1.0" encoding="UTF-8"?>
<!-- Generated by org.testng.reporters.JUnitReportReporter -->
<testsuite hostname="madhu" failures="0" tests="2" name="restassureScripts.Script002GetMethod" time="5.043" errors="0" timestamp="2023-11-08T10:35:12 IST" skipped="1">
  <testcase classname="restassureScripts.Script002GetMethod" name="GetmethodBDDStyle" time="5.043"/>
  <system-out/>
  <testcase classname="restassureScripts.Script002GetMethod" name="httpGetmethod">
    <skipped/>
  </testcase> <!-- httpGetmethod -->
  <system-out/>
</testsuite> <!-- restassureScripts.Script002GetMethod -->
