<?xml version="1.0" encoding="UTF-8"?>
<!-- Generated by org.testng.reporters.JUnitReportReporter -->
<testsuite hostname="madhu" failures="0" tests="1" name="restassureScripts.Loggin" time="7.031" errors="0" timestamp="2023-11-10T09:33:25 IST" skipped="0">
  <testcase classname="restassureScripts.Loggin" name="loggingmethods" time="7.031"/>
  <system-out/>
</testsuite> <!-- restassureScripts.Loggin -->
